<?xml version="1.0" encoding="UTF-8"?>
<!-- Generated by org.testng.reporters.JUnitReportReporter -->
<testsuite skipped="0" hostname="amrits-MacBook-Air.local" name="api.Rest_Assured_Framework.Validating_Json_Response" tests="1" failures="0" timestamp="08 Nov 2017 07:24:13 GMT" time="8.463" errors="0">
  <testcase name="post_tweet" time="8.463" classname="api.Rest_Assured_Framework.Validating_Json_Response"/>
</testsuite> <!-- api.Rest_Assured_Framework.Validating_Json_Response -->
