<?xml version="1.0" encoding="UTF-8"?>
<!-- Generated by org.testng.reporters.JUnitReportReporter -->
<testsuite skipped="0" hostname="amrits-MacBook-Air.local" name="api.Rest_Assured_Framework.GetRequest" tests="1" failures="0" timestamp="10 Nov 2017 05:29:41 GMT" time="9.162" errors="0">
  <testcase name="StatusCodeBody" time="9.162" classname="api.Rest_Assured_Framework.GetRequest"/>
</testsuite> <!-- api.Rest_Assured_Framework.GetRequest -->
