<?xml version="1.0" encoding="UTF-8"?>
<!-- Generated by org.testng.reporters.JUnitReportReporter -->
<testsuite skipped="0" hostname="amrits-MacBook-Air.local" name="api.Rest_Assured_Framework.HardAssertion" tests="1" failures="0" timestamp="10 Nov 2017 11:37:30 GMT" time="8.759" errors="0">
  <testcase name="post_tweet" time="8.759" classname="api.Rest_Assured_Framework.HardAssertion"/>
</testsuite> <!-- api.Rest_Assured_Framework.HardAssertion -->
