<?xml version="1.0" encoding="UTF-8"?>
<!-- Generated by org.testng.reporters.JUnitReportReporter -->
<testsuite skipped="0" hostname="amrits-MacBook-Air.local" name="api.Rest_Assured_Framework.PostRequestDemo" tests="1" failures="0" timestamp="08 Nov 2017 11:43:44 GMT" time="8.604" errors="0">
  <testcase name="StatusCodeVerification" time="8.604" classname="api.Rest_Assured_Framework.PostRequestDemo"/>
</testsuite> <!-- api.Rest_Assured_Framework.PostRequestDemo -->
