<?xml version="1.0" encoding="UTF-8"?>
<!-- Generated by org.testng.reporters.JUnitReportReporter -->
<testsuite skipped="0" hostname="amrits-MacBook-Air.local" name="api.Rest_Assured_Framework.RequestLogging" tests="1" failures="0" timestamp="10 Nov 2017 07:25:06 GMT" time="9.810" errors="0">
  <testcase name="StatusCodeBody" time="9.810" classname="api.Rest_Assured_Framework.RequestLogging"/>
</testsuite> <!-- api.Rest_Assured_Framework.RequestLogging -->
