<?xml version="1.0" encoding="UTF-8"?>
<!-- Generated by org.testng.reporters.JUnitReportReporter -->
<testsuite skipped="0" hostname="amrits-MacBook-Air.local" name="api.Rest_Assured_Framework.RootPath" tests="1" failures="0" timestamp="12 Nov 2017 05:03:43 GMT" time="9.324" errors="0">
  <testcase name="post_tweet" time="9.324" classname="api.Rest_Assured_Framework.RootPath"/>
</testsuite> <!-- api.Rest_Assured_Framework.RootPath -->
