<?xml version="1.0" encoding="UTF-8"?>
<!-- Generated by org.testng.reporters.JUnitReportReporter -->
<testsuite skipped="0" hostname="amrits-MacBook-Air.local" name="api.Rest_Assured_Framework.ResponseSpecification" tests="1" failures="0" timestamp="13 Nov 2017 06:21:02 GMT" time="9.448" errors="0">
  <testcase name="readTweets" time="9.448" classname="api.Rest_Assured_Framework.ResponseSpecification"/>
</testsuite> <!-- api.Rest_Assured_Framework.ResponseSpecification -->
