<?xml version="1.0" encoding="UTF-8"?>
<!-- Generated by org.testng.reporters.JUnitReportReporter -->
<testsuite skipped="0" hostname="amrits-MacBook-Air.local" name="api.Rest_Assured_Framework.ReadTweet" tests="3" failures="0" timestamp="08 Nov 2017 12:41:50 GMT" time="10.269" errors="0">
  <testcase name="post_tweet" time="8.269" classname="api.Rest_Assured_Framework.ReadTweet"/>
  <testcase name="read_tweet" time="0.817" classname="api.Rest_Assured_Framework.ReadTweet"/>
  <testcase name="delete_tweet" time="1.183" classname="api.Rest_Assured_Framework.ReadTweet"/>
</testsuite> <!-- api.Rest_Assured_Framework.ReadTweet -->
