<?xml version="1.0" encoding="UTF-8"?>
<!-- Generated by org.testng.reporters.JUnitReportReporter -->
<testsuite skipped="0" hostname="amrits-MacBook-Air.local" name="api.Rest_Assured_Framework.ExtractXml" tests="1" failures="0" timestamp="10 Nov 2017 06:33:16 GMT" time="7.869" errors="0">
  <testcase name="StatusCodeBody" time="7.869" classname="api.Rest_Assured_Framework.ExtractXml"/>
</testsuite> <!-- api.Rest_Assured_Framework.ExtractXml -->
