<?xml version="1.0" encoding="UTF-8"?>
<!-- Generated by org.testng.reporters.JUnitReportReporter -->
<testsuite skipped="0" hostname="amrits-MacBook-Air.local" name="api.Rest_Assured_Framework.RequestSpecification" tests="1" failures="0" timestamp="12 Nov 2017 13:23:08 GMT" time="8.666" errors="0">
  <testcase name="post_tweet" time="8.666" classname="api.Rest_Assured_Framework.RequestSpecification"/>
</testsuite> <!-- api.Rest_Assured_Framework.RequestSpecification -->
