<?xml version="1.0" encoding="UTF-8"?>
<!-- Generated by org.testng.reporters.JUnitReportReporter -->
<testsuite skipped="0" hostname="amrits-MacBook-Air.local" name="api.Rest_Assured_Framework.TwiiterPost" tests="1" failures="0" timestamp="08 Nov 2017 06:07:10 GMT" time="9.831" errors="0">
  <testcase name="post_tweet" time="9.831" classname="api.Rest_Assured_Framework.TwiiterPost"/>
</testsuite> <!-- api.Rest_Assured_Framework.TwiiterPost -->
